
*** Running vivado
    with args -log i2s_playback.vds -m64 -product Vivado -mode batch -messageDb vivado.pb -notrace -source i2s_playback.tcl



****** Vivado v2022.2 (64-bit)
  **** SW Build 3671981 on Fri Oct 14 05:00:03 MDT 2022
  **** IP Build 3669848 on Fri Oct 14 08:30:02 MDT 2022
    ** Copyright 1986-2022 Xilinx, Inc. All Rights Reserved.

source i2s_playback.tcl -notrace
create_project: Time (s): cpu = 00:00:06 ; elapsed = 00:00:07 . Memory (MB): peak = 375.277 ; gain = 66.445
Command: read_checkpoint -auto_incremental -incremental C:/Users/thakk/radio3/radio3.srcs/utils_1/imports/synth_1/i2s_playback.dcp
INFO: [Vivado 12-5825] Read reference checkpoint from C:/Users/thakk/radio3/radio3.srcs/utils_1/imports/synth_1/i2s_playback.dcp for incremental synthesis
INFO: [Vivado 12-7989] Please ensure there are no constraint changes
Command: synth_design -top i2s_playback -part xc7a100tcsg324-1
Starting synth_design
Attempting to get a license for feature 'Synthesis' and/or device 'xc7a100t'
INFO: [Common 17-349] Got license for feature 'Synthesis' and/or device 'xc7a100t'
INFO: [Device 21-403] Loading part xc7a100tcsg324-1
INFO: [Designutils 20-5440] No compile time benefit to using incremental synthesis; A full resynthesis will be run
INFO: [Designutils 20-4379] Flow is switching to default flow due to incremental criteria not met. If you would like to alter this behaviour and have the flow terminate instead, please set the following parameter config_implementation {autoIncr.Synth.RejectBehavior Terminate}
INFO: [Synth 8-7079] Multithreading enabled for synth_design using a maximum of 2 processes.
INFO: [Synth 8-7078] Launching helper process for spawning children vivado processes
INFO: [Synth 8-7075] Helper process launched with PID 28448
INFO: [Synth 8-11241] undeclared symbol 'REGCCE', assumed default net type 'wire' [C:/Xilinx/Vivado/2022.2/data/verilog/src/unimacro/BRAM_SINGLE_MACRO.v:2170]
---------------------------------------------------------------------------------
Starting RTL Elaboration : Time (s): cpu = 00:00:09 ; elapsed = 00:00:09 . Memory (MB): peak = 1207.332 ; gain = 408.984
---------------------------------------------------------------------------------
INFO: [Synth 8-638] synthesizing module 'i2s_playback' [C:/Users/thakk/radio3/radio3.srcs/sources_1/new/top.vhd:29]
	Parameter mclk_sclk_ratio bound to: 4 - type: integer 
	Parameter sclk_ws_ratio bound to: 64 - type: integer 
	Parameter d_width bound to: 24 - type: integer 
INFO: [Synth 8-3491] module 'rx' declared at 'C:/Users/thakk/radio3/radio3.srcs/sources_1/new/rx.vhd:5' bound to instance 'rx_0' of component 'rx' [C:/Users/thakk/radio3/radio3.srcs/sources_1/new/top.vhd:245]
INFO: [Synth 8-638] synthesizing module 'rx' [C:/Users/thakk/radio3/radio3.srcs/sources_1/new/rx.vhd:21]
	Parameter mclk_sclk_ratio bound to: 4 - type: integer 
	Parameter sclk_ws_ratio bound to: 64 - type: integer 
	Parameter d_width bound to: 24 - type: integer 
INFO: [Synth 8-256] done synthesizing module 'rx' (0#1) [C:/Users/thakk/radio3/radio3.srcs/sources_1/new/rx.vhd:21]
	Parameter mclk_sclk_ratio bound to: 2 - type: integer 
	Parameter sclk_cs_ratio bound to: 34 - type: integer 
	Parameter d_width bound to: 16 - type: integer 
INFO: [Synth 8-3491] module 'tx' declared at 'C:/Users/thakk/radio3/radio3.srcs/sources_1/new/tx.vhd:4' bound to instance 'tx_0' of component 'tx' [C:/Users/thakk/radio3/radio3.srcs/sources_1/new/top.vhd:250]
INFO: [Synth 8-638] synthesizing module 'tx' [C:/Users/thakk/radio3/radio3.srcs/sources_1/new/tx.vhd:18]
	Parameter mclk_sclk_ratio bound to: 2 - type: integer 
	Parameter sclk_cs_ratio bound to: 34 - type: integer 
	Parameter d_width bound to: 16 - type: integer 
INFO: [Synth 8-256] done synthesizing module 'tx' (0#1) [C:/Users/thakk/radio3/radio3.srcs/sources_1/new/tx.vhd:18]
WARNING: [Synth 8-614] signal 'data_rx' is read in the process but is not in the sensitivity list [C:/Users/thakk/radio3/radio3.srcs/sources_1/new/top.vhd:304]
WARNING: [Synth 8-614] signal 'temp' is read in the process but is not in the sensitivity list [C:/Users/thakk/radio3/radio3.srcs/sources_1/new/top.vhd:304]
INFO: [Synth 8-256] done synthesizing module 'i2s_playback' (0#1) [C:/Users/thakk/radio3/radio3.srcs/sources_1/new/top.vhd:29]
WARNING: [Synth 8-6014] Unused sequential element j_count_reg was removed.  [C:/Users/thakk/radio3/radio3.srcs/sources_1/new/top.vhd:276]
WARNING: [Synth 8-6014] Unused sequential element j_reg was removed.  [C:/Users/thakk/radio3/radio3.srcs/sources_1/new/top.vhd:281]
WARNING: [Synth 8-6014] Unused sequential element sine_count_reg was removed.  [C:/Users/thakk/radio3/radio3.srcs/sources_1/new/top.vhd:287]
WARNING: [Synth 8-6014] Unused sequential element analog_input_reg was removed.  [C:/Users/thakk/radio3/radio3.srcs/sources_1/new/top.vhd:293]
WARNING: [Synth 8-3917] design i2s_playback has port ldac driven by constant 0
WARNING: [Synth 8-7129] Port adder in module i2s_playback is either unconnected or has no load
---------------------------------------------------------------------------------
Finished RTL Elaboration : Time (s): cpu = 00:00:12 ; elapsed = 00:00:12 . Memory (MB): peak = 1299.305 ; gain = 500.957
---------------------------------------------------------------------------------
---------------------------------------------------------------------------------
Start Handling Custom Attributes
---------------------------------------------------------------------------------
---------------------------------------------------------------------------------
Finished Handling Custom Attributes : Time (s): cpu = 00:00:12 ; elapsed = 00:00:12 . Memory (MB): peak = 1299.305 ; gain = 500.957
---------------------------------------------------------------------------------
---------------------------------------------------------------------------------
Finished RTL Optimization Phase 1 : Time (s): cpu = 00:00:12 ; elapsed = 00:00:12 . Memory (MB): peak = 1299.305 ; gain = 500.957
---------------------------------------------------------------------------------
Netlist sorting complete. Time (s): cpu = 00:00:00 ; elapsed = 00:00:00.009 . Memory (MB): peak = 1299.305 ; gain = 0.000
INFO: [Project 1-570] Preparing netlist for logic optimization

Processing XDC Constraints
Initializing timing engine
Parsing XDC File [C:/Users/thakk/radio3/radio3.srcs/constrs_1/new/top.xdc]
Finished Parsing XDC File [C:/Users/thakk/radio3/radio3.srcs/constrs_1/new/top.xdc]
INFO: [Project 1-236] Implementation specific constraints were found while reading constraint file [C:/Users/thakk/radio3/radio3.srcs/constrs_1/new/top.xdc]. These constraints will be ignored for synthesis but will be used in implementation. Impacted constraints are listed in the file [.Xil/i2s_playback_propImpl.xdc].
Resolution: To avoid this warning, move constraints listed in [.Xil/i2s_playback_propImpl.xdc] to another XDC file and exclude this new file from synthesis with the used_in_synthesis property (File Properties dialog in GUI) and re-run elaboration/synthesis.
Completed Processing XDC Constraints

Netlist sorting complete. Time (s): cpu = 00:00:00 ; elapsed = 00:00:00 . Memory (MB): peak = 1405.742 ; gain = 0.000
INFO: [Project 1-111] Unisim Transformation Summary:
No Unisim elements were transformed.

Constraint Validation Runtime : Time (s): cpu = 00:00:00 ; elapsed = 00:00:00.006 . Memory (MB): peak = 1405.742 ; gain = 0.000
INFO: [Designutils 20-5440] No compile time benefit to using incremental synthesis; A full resynthesis will be run
INFO: [Designutils 20-4379] Flow is switching to default flow due to incremental criteria not met. If you would like to alter this behaviour and have the flow terminate instead, please set the following parameter config_implementation {autoIncr.Synth.RejectBehavior Terminate}
INFO: [Synth 8-11241] undeclared symbol 'REGCCE', assumed default net type 'wire' [C:/Xilinx/Vivado/2022.2/data/verilog/src/unimacro/BRAM_SINGLE_MACRO.v:2170]
---------------------------------------------------------------------------------
Finished Constraint Validation : Time (s): cpu = 00:00:23 ; elapsed = 00:00:23 . Memory (MB): peak = 1405.742 ; gain = 607.395
---------------------------------------------------------------------------------
---------------------------------------------------------------------------------
Start Loading Part and Timing Information
---------------------------------------------------------------------------------
Loading part: xc7a100tcsg324-1
---------------------------------------------------------------------------------
Finished Loading Part and Timing Information : Time (s): cpu = 00:00:23 ; elapsed = 00:00:23 . Memory (MB): peak = 1405.742 ; gain = 607.395
---------------------------------------------------------------------------------
---------------------------------------------------------------------------------
Start Applying 'set_property' XDC Constraints
---------------------------------------------------------------------------------
---------------------------------------------------------------------------------
Finished applying 'set_property' XDC Constraints : Time (s): cpu = 00:00:23 ; elapsed = 00:00:23 . Memory (MB): peak = 1405.742 ; gain = 607.395
---------------------------------------------------------------------------------
WARNING: [Synth 8-6040] Register i_reg_rep driving address of a ROM cannot be packed in BRAM/URAM because of presence of initial value.
---------------------------------------------------------------------------------
Finished RTL Optimization Phase 2 : Time (s): cpu = 00:00:23 ; elapsed = 00:00:24 . Memory (MB): peak = 1405.742 ; gain = 607.395
---------------------------------------------------------------------------------
---------------------------------------------------------------------------------
Start RTL Component Statistics 
---------------------------------------------------------------------------------
Detailed RTL Component Info : 
+---Adders : 
	   2 Input   32 Bit       Adders := 1     
	   2 Input   24 Bit       Adders := 1     
	   2 Input    8 Bit       Adders := 1     
	   2 Input    3 Bit       Adders := 1     
+---Registers : 
	               24 Bit    Registers := 5     
	               16 Bit    Registers := 1     
	                8 Bit    Registers := 2     
	                3 Bit    Registers := 1     
	                1 Bit    Registers := 6     
+---Muxes : 
	   2 Input   24 Bit        Muxes := 1     
	   2 Input   16 Bit        Muxes := 1     
	   2 Input    8 Bit        Muxes := 1     
	   2 Input    1 Bit        Muxes := 1     
---------------------------------------------------------------------------------
Finished RTL Component Statistics 
---------------------------------------------------------------------------------
---------------------------------------------------------------------------------
Start Part Resource Summary
---------------------------------------------------------------------------------
Part Resources:
DSPs: 240 (col length:80)
BRAMs: 270 (col length: RAMB18 80 RAMB36 40)
---------------------------------------------------------------------------------
Finished Part Resource Summary
---------------------------------------------------------------------------------
---------------------------------------------------------------------------------
Start Cross Boundary and Area Optimization
---------------------------------------------------------------------------------
WARNING: [Synth 8-7080] Parallel synthesis criteria is not met
WARNING: [Synth 8-6040] Register i_reg_rep driving address of a ROM cannot be packed in BRAM/URAM because of presence of initial value.
WARNING: [Synth 8-3917] design i2s_playback has port ldac driven by constant 0
WARNING: [Synth 8-7129] Port adder in module i2s_playback is either unconnected or has no load
---------------------------------------------------------------------------------
Finished Cross Boundary and Area Optimization : Time (s): cpu = 00:00:28 ; elapsed = 00:00:29 . Memory (MB): peak = 1405.742 ; gain = 607.395
---------------------------------------------------------------------------------
---------------------------------------------------------------------------------
Start ROM, RAM, DSP, Shift Register and Retiming Reporting
---------------------------------------------------------------------------------

ROM: Preliminary Mapping Report
+-------------+------------+---------------+----------------+
|Module Name  | RTL Object | Depth x Width | Implemented As | 
+-------------+------------+---------------+----------------+
|i2s_playback | sine       | 256x9         | LUT            | 
|i2s_playback | p_0_out    | 256x9         | LUT            | 
+-------------+------------+---------------+----------------+

---------------------------------------------------------------------------------
Finished ROM, RAM, DSP, Shift Register and Retiming Reporting
---------------------------------------------------------------------------------
---------------------------------------------------------------------------------
Start Applying XDC Timing Constraints
---------------------------------------------------------------------------------
---------------------------------------------------------------------------------
Finished Applying XDC Timing Constraints : Time (s): cpu = 00:00:36 ; elapsed = 00:00:37 . Memory (MB): peak = 1405.742 ; gain = 607.395
---------------------------------------------------------------------------------
---------------------------------------------------------------------------------
Start Timing Optimization
---------------------------------------------------------------------------------
---------------------------------------------------------------------------------
Finished Timing Optimization : Time (s): cpu = 00:00:36 ; elapsed = 00:00:37 . Memory (MB): peak = 1405.742 ; gain = 607.395
---------------------------------------------------------------------------------
---------------------------------------------------------------------------------
Start Technology Mapping
---------------------------------------------------------------------------------
---------------------------------------------------------------------------------
Finished Technology Mapping : Time (s): cpu = 00:00:36 ; elapsed = 00:00:37 . Memory (MB): peak = 1405.742 ; gain = 607.395
---------------------------------------------------------------------------------
---------------------------------------------------------------------------------
Start IO Insertion
---------------------------------------------------------------------------------
---------------------------------------------------------------------------------
Start Flattening Before IO Insertion
---------------------------------------------------------------------------------
---------------------------------------------------------------------------------
Finished Flattening Before IO Insertion
---------------------------------------------------------------------------------
---------------------------------------------------------------------------------
Start Final Netlist Cleanup
---------------------------------------------------------------------------------
---------------------------------------------------------------------------------
Finished Final Netlist Cleanup
---------------------------------------------------------------------------------
---------------------------------------------------------------------------------
Finished IO Insertion : Time (s): cpu = 00:00:42 ; elapsed = 00:00:44 . Memory (MB): peak = 1405.742 ; gain = 607.395
---------------------------------------------------------------------------------
---------------------------------------------------------------------------------
Start Renaming Generated Instances
---------------------------------------------------------------------------------
---------------------------------------------------------------------------------
Finished Renaming Generated Instances : Time (s): cpu = 00:00:42 ; elapsed = 00:00:44 . Memory (MB): peak = 1405.742 ; gain = 607.395
---------------------------------------------------------------------------------
---------------------------------------------------------------------------------
Start Rebuilding User Hierarchy
---------------------------------------------------------------------------------
---------------------------------------------------------------------------------
Finished Rebuilding User Hierarchy : Time (s): cpu = 00:00:42 ; elapsed = 00:00:44 . Memory (MB): peak = 1405.742 ; gain = 607.395
---------------------------------------------------------------------------------
---------------------------------------------------------------------------------
Start Renaming Generated Ports
---------------------------------------------------------------------------------
---------------------------------------------------------------------------------
Finished Renaming Generated Ports : Time (s): cpu = 00:00:42 ; elapsed = 00:00:44 . Memory (MB): peak = 1405.742 ; gain = 607.395
---------------------------------------------------------------------------------
---------------------------------------------------------------------------------
Start Handling Custom Attributes
---------------------------------------------------------------------------------
---------------------------------------------------------------------------------
Finished Handling Custom Attributes : Time (s): cpu = 00:00:42 ; elapsed = 00:00:44 . Memory (MB): peak = 1405.742 ; gain = 607.395
---------------------------------------------------------------------------------
---------------------------------------------------------------------------------
Start Renaming Generated Nets
---------------------------------------------------------------------------------
---------------------------------------------------------------------------------
Finished Renaming Generated Nets : Time (s): cpu = 00:00:42 ; elapsed = 00:00:44 . Memory (MB): peak = 1405.742 ; gain = 607.395
---------------------------------------------------------------------------------
---------------------------------------------------------------------------------
Start Writing Synthesis Report
---------------------------------------------------------------------------------

Report BlackBoxes: 
+-+--------------+----------+
| |BlackBox name |Instances |
+-+--------------+----------+
+-+--------------+----------+

Report Cell Usage: 
+------+-------+------+
|      |Cell   |Count |
+------+-------+------+
|1     |BUFG   |     2|
|2     |CARRY4 |    66|
|3     |LUT1   |     7|
|4     |LUT2   |   241|
|5     |LUT3   |    31|
|6     |LUT4   |    24|
|7     |LUT5   |    13|
|8     |LUT6   |    69|
|9     |FDCE   |   165|
|10    |FDRE   |    44|
|11    |IBUF   |     3|
|12    |OBUF   |     7|
+------+-------+------+
---------------------------------------------------------------------------------
Finished Writing Synthesis Report : Time (s): cpu = 00:00:42 ; elapsed = 00:00:44 . Memory (MB): peak = 1405.742 ; gain = 607.395
---------------------------------------------------------------------------------
Synthesis finished with 0 errors, 0 critical warnings and 5 warnings.
Synthesis Optimization Runtime : Time (s): cpu = 00:00:28 ; elapsed = 00:00:41 . Memory (MB): peak = 1405.742 ; gain = 500.957
Synthesis Optimization Complete : Time (s): cpu = 00:00:43 ; elapsed = 00:00:44 . Memory (MB): peak = 1405.742 ; gain = 607.395
INFO: [Project 1-571] Translating synthesized netlist
Netlist sorting complete. Time (s): cpu = 00:00:00 ; elapsed = 00:00:00.011 . Memory (MB): peak = 1405.742 ; gain = 0.000
INFO: [Netlist 29-17] Analyzing 66 Unisim elements for replacement
INFO: [Netlist 29-28] Unisim Transformation completed in 0 CPU seconds
INFO: [Project 1-570] Preparing netlist for logic optimization
INFO: [Opt 31-138] Pushed 0 inverter(s) to 0 load pin(s).
Netlist sorting complete. Time (s): cpu = 00:00:00 ; elapsed = 00:00:00 . Memory (MB): peak = 1405.742 ; gain = 0.000
INFO: [Project 1-111] Unisim Transformation Summary:
No Unisim elements were transformed.

Synth Design complete, checksum: de18df7
INFO: [Common 17-83] Releasing license: Synthesis
31 Infos, 13 Warnings, 0 Critical Warnings and 0 Errors encountered.
synth_design completed successfully
synth_design: Time (s): cpu = 00:00:49 ; elapsed = 00:00:52 . Memory (MB): peak = 1405.742 ; gain = 1000.391
INFO: [Common 17-1381] The checkpoint 'C:/Users/thakk/radio3/radio3.runs/synth_1/i2s_playback.dcp' has been generated.
INFO: [runtcl-4] Executing : report_utilization -file i2s_playback_utilization_synth.rpt -pb i2s_playback_utilization_synth.pb
INFO: [Common 17-206] Exiting Vivado at Sun Apr 30 16:35:32 2023...
